<?xml version="1.0" encoding="UTF-8"?>
<!-- Generated by org.testng.reporters.JUnitXMLReporter -->
<testsuite ignored="0" hostname="MSI" failures="2" tests="10" name="Test" time="0.098" errors="0" timestamp="2023-04-28T18:15:43 IST">
  <testcase classname="stepDefinition.DemoSample" name="testOne" time="0.014">
    <skipped/>
  </testcase> <!-- testOne -->
  <testcase classname="stepDefinition.DemoSample" name="testOne" time="0.002">
    <skipped/>
  </testcase> <!-- testOne -->
  <testcase classname="stepDefinition.DemoSample" name="testOne" time="0.002">
    <skipped/>
  </testcase> <!-- testOne -->
  <testcase classname="stepDefinition.DemoSample" name="testOne" time="0.001">
    <skipped/>
  </testcase> <!-- testOne -->
  <testcase classname="stepDefinition.DemoSample" name="testOne" time="0.001">
    <failure type="java.lang.AssertionError">
      <![CDATA[java.lang.AssertionError
at org.junit.Assert.fail(Assert.java:87)
at org.junit.Assert.assertTrue(Assert.java:42)
at org.junit.Assert.assertTrue(Assert.java:53)
at stepDefinition.DemoSample.testOne(DemoSample.java:12)
at java.base/java.util.ArrayList.forEach(ArrayList.java:1511)
... Removed 25 stack frames]]>
    </failure>
  </testcase> <!-- testOne -->
  <testcase classname="stepDefinition.DemoSample" name="testTwo" time="0.001">
    <skipped/>
  </testcase> <!-- testTwo -->
  <testcase classname="stepDefinition.DemoSample" name="testTwo" time="0.002">
    <skipped/>
  </testcase> <!-- testTwo -->
  <testcase classname="stepDefinition.DemoSample" name="testTwo" time="0.001">
    <skipped/>
  </testcase> <!-- testTwo -->
  <testcase classname="stepDefinition.DemoSample" name="testTwo" time="0.001">
    <skipped/>
  </testcase> <!-- testTwo -->
  <testcase classname="stepDefinition.DemoSample" name="testTwo" time="0.001">
    <failure type="java.lang.AssertionError">
      <![CDATA[java.lang.AssertionError
at org.junit.Assert.fail(Assert.java:87)
at org.junit.Assert.assertTrue(Assert.java:42)
at org.junit.Assert.assertTrue(Assert.java:53)
at stepDefinition.DemoSample.testTwo(DemoSample.java:19)
at java.base/java.util.ArrayList.forEach(ArrayList.java:1511)
... Removed 25 stack frames]]>
    </failure>
  </testcase> <!-- testTwo -->
</testsuite> <!-- Test -->
